Info: Starting: Create block symbol file (.bsf)
Info: qsys-generate E:\TP_VHDL\spi\nios.qsys --block-symbol-file --output-directory=E:\TP_VHDL\spi\nios --family="Cyclone IV E" --part=EP4CE22F17C6
Progress: Loading spi/nios.qsys
Progress: Reading input file
Progress: Adding clk_0 [clock_source 18.1]
Progress: Parameterizing module clk_0
Progress: Adding data_in [altera_avalon_pio 18.1]
Progress: Parameterizing module data_in
Progress: Adding data_out [altera_avalon_pio 18.1]
Progress: Parameterizing module data_out
Progress: Adding jtag_uart_0 [altera_avalon_jtag_uart 18.1]
Progress: Parameterizing module jtag_uart_0
Progress: Adding nios2_gen2_0 [altera_nios2_gen2 18.1]
Progress: Parameterizing module nios2_gen2_0
Progress: Adding onchip_memory2_0 [altera_avalon_onchip_memory2 18.1]
Progress: Parameterizing module onchip_memory2_0
Progress: Adding sysid_qsys_0 [altera_avalon_sysid_qsys 18.1]
Progress: Parameterizing module sysid_qsys_0
Progress: Building connections
Progress: Parameterizing connections
Progress: Validating
Progress: Done reading input file
Info: nios.data_in: PIO inputs are not hardwired in test bench. Undefined values will be read from PIO inputs during simulation.
Info: nios.jtag_uart_0: JTAG UART IP input clock need to be at least double (2x) the operating frequency of JTAG TCK on board
Info: nios.sysid_qsys_0: System ID is not assigned automatically. Edit the System ID parameter to provide a unique ID
Info: nios.sysid_qsys_0: Time stamp will be automatically updated when this component is generated.
Info: qsys-generate succeeded.
Info: Finished: Create block symbol file (.bsf)
Info: 
Info: Starting: Create HDL design files for synthesis
Info: qsys-generate E:\TP_VHDL\spi\nios.qsys --synthesis=VHDL --output-directory=E:\TP_VHDL\spi\nios\synthesis --family="Cyclone IV E" --part=EP4CE22F17C6
Progress: Loading spi/nios.qsys
Progress: Reading input file
Progress: Adding clk_0 [clock_source 18.1]
Progress: Parameterizing module clk_0
Progress: Adding data_in [altera_avalon_pio 18.1]
Progress: Parameterizing module data_in
Progress: Adding data_out [altera_avalon_pio 18.1]
Progress: Parameterizing module data_out
Progress: Adding jtag_uart_0 [altera_avalon_jtag_uart 18.1]
Progress: Parameterizing module jtag_uart_0
Progress: Adding nios2_gen2_0 [altera_nios2_gen2 18.1]
Progress: Parameterizing module nios2_gen2_0
Progress: Adding onchip_memory2_0 [altera_avalon_onchip_memory2 18.1]
Progress: Parameterizing module onchip_memory2_0
Progress: Adding sysid_qsys_0 [altera_avalon_sysid_qsys 18.1]
Progress: Parameterizing module sysid_qsys_0
Progress: Building connections
Progress: Parameterizing connections
Progress: Validating
Progress: Done reading input file
Info: nios.data_in: PIO inputs are not hardwired in test bench. Undefined values will be read from PIO inputs during simulation.
Info: nios.jtag_uart_0: JTAG UART IP input clock need to be at least double (2x) the operating frequency of JTAG TCK on board
Info: nios.sysid_qsys_0: System ID is not assigned automatically. Edit the System ID parameter to provide a unique ID
Info: nios.sysid_qsys_0: Time stamp will be automatically updated when this component is generated.
Info: nios: Generating nios "nios" for QUARTUS_SYNTH
Info: data_in: Starting RTL generation for module 'nios_data_in'
Info: data_in:   Generation command is [exec D:/modelsim/quartus/bin64/perl/bin/perl.exe -I D:/modelsim/quartus/bin64/perl/lib -I D:/modelsim/quartus/sopc_builder/bin/europa -I D:/modelsim/quartus/sopc_builder/bin/perl_lib -I D:/modelsim/quartus/sopc_builder/bin -I D:/modelsim/quartus/../ip/altera/sopc_builder_ip/common -I D:/modelsim/quartus/../ip/altera/sopc_builder_ip/altera_avalon_pio -- D:/modelsim/quartus/../ip/altera/sopc_builder_ip/altera_avalon_pio/generate_rtl.pl --name=nios_data_in --dir=C:/Users/moham/AppData/Local/Temp/alt9709_1786140006679242269.dir/0002_data_in_gen/ --quartus_dir=D:/modelsim/quartus --verilog --config=C:/Users/moham/AppData/Local/Temp/alt9709_1786140006679242269.dir/0002_data_in_gen//nios_data_in_component_configuration.pl  --do_build_sim=0  ]
Info: data_in: Done RTL generation for module 'nios_data_in'
Info: data_in: "nios" instantiated altera_avalon_pio "data_in"
Info: data_out: Starting RTL generation for module 'nios_data_out'
Info: data_out:   Generation command is [exec D:/modelsim/quartus/bin64/perl/bin/perl.exe -I D:/modelsim/quartus/bin64/perl/lib -I D:/modelsim/quartus/sopc_builder/bin/europa -I D:/modelsim/quartus/sopc_builder/bin/perl_lib -I D:/modelsim/quartus/sopc_builder/bin -I D:/modelsim/quartus/../ip/altera/sopc_builder_ip/common -I D:/modelsim/quartus/../ip/altera/sopc_builder_ip/altera_avalon_pio -- D:/modelsim/quartus/../ip/altera/sopc_builder_ip/altera_avalon_pio/generate_rtl.pl --name=nios_data_out --dir=C:/Users/moham/AppData/Local/Temp/alt9709_1786140006679242269.dir/0003_data_out_gen/ --quartus_dir=D:/modelsim/quartus --verilog --config=C:/Users/moham/AppData/Local/Temp/alt9709_1786140006679242269.dir/0003_data_out_gen//nios_data_out_component_configuration.pl  --do_build_sim=0  ]
Info: data_out: Done RTL generation for module 'nios_data_out'
Info: data_out: "nios" instantiated altera_avalon_pio "data_out"
Info: jtag_uart_0: Starting RTL generation for module 'nios_jtag_uart_0'
Info: jtag_uart_0:   Generation command is [exec D:/modelsim/quartus/bin64/perl/bin/perl.exe -I D:/modelsim/quartus/bin64/perl/lib -I D:/modelsim/quartus/sopc_builder/bin/europa -I D:/modelsim/quartus/sopc_builder/bin/perl_lib -I D:/modelsim/quartus/sopc_builder/bin -I D:/modelsim/quartus/../ip/altera/sopc_builder_ip/common -I D:/modelsim/quartus/../ip/altera/sopc_builder_ip/altera_avalon_jtag_uart -- D:/modelsim/quartus/../ip/altera/sopc_builder_ip/altera_avalon_jtag_uart/generate_rtl.pl --name=nios_jtag_uart_0 --dir=C:/Users/moham/AppData/Local/Temp/alt9709_1786140006679242269.dir/0004_jtag_uart_0_gen/ --quartus_dir=D:/modelsim/quartus --verilog --config=C:/Users/moham/AppData/Local/Temp/alt9709_1786140006679242269.dir/0004_jtag_uart_0_gen//nios_jtag_uart_0_component_configuration.pl  --do_build_sim=0  ]
Info: jtag_uart_0: Done RTL generation for module 'nios_jtag_uart_0'
Info: jtag_uart_0: "nios" instantiated altera_avalon_jtag_uart "jtag_uart_0"
Info: nios2_gen2_0: "nios" instantiated altera_nios2_gen2 "nios2_gen2_0"
Info: onchip_memory2_0: Starting RTL generation for module 'nios_onchip_memory2_0'
Info: onchip_memory2_0:   Generation command is [exec D:/modelsim/quartus/bin64/perl/bin/perl.exe -I D:/modelsim/quartus/bin64/perl/lib -I D:/modelsim/quartus/sopc_builder/bin/europa -I D:/modelsim/quartus/sopc_builder/bin/perl_lib -I D:/modelsim/quartus/sopc_builder/bin -I D:/modelsim/quartus/../ip/altera/sopc_builder_ip/common -I D:/modelsim/quartus/../ip/altera/sopc_builder_ip/altera_avalon_onchip_memory2 -- D:/modelsim/quartus/../ip/altera/sopc_builder_ip/altera_avalon_onchip_memory2/generate_rtl.pl --name=nios_onchip_memory2_0 --dir=C:/Users/moham/AppData/Local/Temp/alt9709_1786140006679242269.dir/0005_onchip_memory2_0_gen/ --quartus_dir=D:/modelsim/quartus --verilog --config=C:/Users/moham/AppData/Local/Temp/alt9709_1786140006679242269.dir/0005_onchip_memory2_0_gen//nios_onchip_memory2_0_component_configuration.pl  --do_build_sim=0  ]
Info: onchip_memory2_0: Done RTL generation for module 'nios_onchip_memory2_0'
Info: onchip_memory2_0: "nios" instantiated altera_avalon_onchip_memory2 "onchip_memory2_0"
Info: sysid_qsys_0: "nios" instantiated altera_avalon_sysid_qsys "sysid_qsys_0"
Info: avalon_st_adapter: Inserting error_adapter: error_adapter_0
Info: avalon_st_adapter_001: Inserting error_adapter: error_adapter_0
Info: avalon_st_adapter_002: Inserting error_adapter: error_adapter_0
Info: avalon_st_adapter_003: Inserting error_adapter: error_adapter_0
Info: avalon_st_adapter_004: Inserting error_adapter: error_adapter_0
Info: avalon_st_adapter_005: Inserting error_adapter: error_adapter_0
Info: mm_interconnect_0: "nios" instantiated altera_mm_interconnect "mm_interconnect_0"
Info: irq_mapper: "nios" instantiated altera_irq_mapper "irq_mapper"
Info: rst_controller: "nios" instantiated altera_reset_controller "rst_controller"
Info: cpu: Starting RTL generation for module 'nios_nios2_gen2_0_cpu'
Info: cpu:   Generation command is [exec D:/modelSim/quartus/bin64//eperlcmd.exe -I D:/modelSim/quartus/bin64//perl/lib -I D:/modelsim/quartus/sopc_builder/bin/europa -I D:/modelsim/quartus/sopc_builder/bin/perl_lib -I D:/modelsim/quartus/sopc_builder/bin -I D:/modelsim/quartus/../ip/altera/nios2_ip/altera_nios2_gen2/cpu_lib -I D:/modelsim/quartus/../ip/altera/nios2_ip/altera_nios2_gen2/nios_lib -I D:/modelsim/quartus/../ip/altera/nios2_ip/altera_nios2_gen2 -I D:/modelsim/quartus/../ip/altera/nios2_ip/altera_nios2_gen2 -- D:/modelsim/quartus/../ip/altera/nios2_ip/altera_nios2_gen2/generate_rtl.epl --name=nios_nios2_gen2_0_cpu --dir=C:/Users/moham/AppData/Local/Temp/alt9709_1786140006679242269.dir/0009_cpu_gen/ --quartus_bindir=D:/modelSim/quartus/bin64/ --verilog --config=C:/Users/moham/AppData/Local/Temp/alt9709_1786140006679242269.dir/0009_cpu_gen//nios_nios2_gen2_0_cpu_processor_configuration.pl  --do_build_sim=0  ]
Info: cpu: # 2023.12.19 00:18:25 (*) Starting Nios II generation
Info: cpu: # 2023.12.19 00:18:25 (*)   Checking for plaintext license.
Info: cpu: # 2023.12.19 00:18:25 (*)   Couldn't query license setup in Quartus directory D:/modelSim/quartus/bin64/
Info: cpu: # 2023.12.19 00:18:25 (*)   Defaulting to contents of LM_LICENSE_FILE environment variable
Info: cpu: # 2023.12.19 00:18:25 (*)   LM_LICENSE_FILE environment variable is empty
Info: cpu: # 2023.12.19 00:18:25 (*)   Plaintext license not found.
Info: cpu: # 2023.12.19 00:18:25 (*)   No license required to generate encrypted Nios II/e.
Info: cpu: # 2023.12.19 00:18:25 (*)   Elaborating CPU configuration settings
Info: cpu: # 2023.12.19 00:18:25 (*)   Creating all objects for CPU
Info: cpu: # 2023.12.19 00:18:26 (*)   Generating RTL from CPU objects
Info: cpu: # 2023.12.19 00:18:26 (*)   Creating plain-text RTL
Info: cpu: # 2023.12.19 00:18:27 (*) Done Nios II generation
Info: cpu: Done RTL generation for module 'nios_nios2_gen2_0_cpu'
Info: cpu: "nios2_gen2_0" instantiated altera_nios2_gen2_unit "cpu"
Info: nios2_gen2_0_data_master_translator: "mm_interconnect_0" instantiated altera_merlin_master_translator "nios2_gen2_0_data_master_translator"
Info: jtag_uart_0_avalon_jtag_slave_translator: "mm_interconnect_0" instantiated altera_merlin_slave_translator "jtag_uart_0_avalon_jtag_slave_translator"
Info: nios2_gen2_0_data_master_agent: "mm_interconnect_0" instantiated altera_merlin_master_agent "nios2_gen2_0_data_master_agent"
Info: jtag_uart_0_avalon_jtag_slave_agent: "mm_interconnect_0" instantiated altera_merlin_slave_agent "jtag_uart_0_avalon_jtag_slave_agent"
Info: jtag_uart_0_avalon_jtag_slave_agent_rsp_fifo: "mm_interconnect_0" instantiated altera_avalon_sc_fifo "jtag_uart_0_avalon_jtag_slave_agent_rsp_fifo"
Info: router: "mm_interconnect_0" instantiated altera_merlin_router "router"
Info: router_001: "mm_interconnect_0" instantiated altera_merlin_router "router_001"
Info: router_002: "mm_interconnect_0" instantiated altera_merlin_router "router_002"
Info: router_004: "mm_interconnect_0" instantiated altera_merlin_router "router_004"
Info: cmd_demux: "mm_interconnect_0" instantiated altera_merlin_demultiplexer "cmd_demux"
Info: cmd_demux_001: "mm_interconnect_0" instantiated altera_merlin_demultiplexer "cmd_demux_001"
Info: cmd_mux: "mm_interconnect_0" instantiated altera_merlin_multiplexer "cmd_mux"
Info: cmd_mux_002: "mm_interconnect_0" instantiated altera_merlin_multiplexer "cmd_mux_002"
Info: Reusing file E:/TP_VHDL/spi/nios/synthesis/submodules/altera_merlin_arbitrator.sv
Info: rsp_demux: "mm_interconnect_0" instantiated altera_merlin_demultiplexer "rsp_demux"
Info: rsp_mux: "mm_interconnect_0" instantiated altera_merlin_multiplexer "rsp_mux"
Info: Reusing file E:/TP_VHDL/spi/nios/synthesis/submodules/altera_merlin_arbitrator.sv
Info: rsp_mux_001: "mm_interconnect_0" instantiated altera_merlin_multiplexer "rsp_mux_001"
Info: Reusing file E:/TP_VHDL/spi/nios/synthesis/submodules/altera_merlin_arbitrator.sv
Info: avalon_st_adapter: "mm_interconnect_0" instantiated altera_avalon_st_adapter "avalon_st_adapter"
Info: error_adapter_0: "avalon_st_adapter" instantiated error_adapter "error_adapter_0"
Info: nios: Done "nios" with 29 modules, 42 files
Info: qsys-generate succeeded.
Info: Finished: Create HDL design files for synthesis
