Classic Timing Analyzer report for diviseur
Fri Sep 08 08:59:52 2023
Quartus II Version 9.0 Build 235 06/17/2009 Service Pack 2 SJ Web Edition


---------------------
; Table of Contents ;
---------------------
  1. Legal Notice
  2. Timing Analyzer Summary
  3. Timing Analyzer Settings
  4. Clock Settings Summary
  5. Parallel Compilation
  6. Clock Setup: 'clk_in'
  7. tco
  8. Timing Analyzer Messages



----------------
; Legal Notice ;
----------------
Copyright (C) 1991-2009 Altera Corporation
Your use of Altera Corporation's design tools, logic functions 
and other software and tools, and its AMPP partner logic 
functions, and any output files from any of the foregoing 
(including device programming or simulation files), and any 
associated documentation or information are expressly subject 
to the terms and conditions of the Altera Program License 
Subscription Agreement, Altera MegaCore Function License 
Agreement, or other applicable license agreement, including, 
without limitation, that your use is for the sole purpose of 
programming logic devices manufactured by Altera and sold by 
Altera or its authorized distributors.  Please refer to the 
applicable agreement for further details.



+-------------------------------------------------------------------------------------------------------------------------------------------------------------+
; Timing Analyzer Summary                                                                                                                                     ;
+------------------------------+-------+---------------+----------------------------------+-------------+--------------+------------+----------+--------------+
; Type                         ; Slack ; Required Time ; Actual Time                      ; From        ; To           ; From Clock ; To Clock ; Failed Paths ;
+------------------------------+-------+---------------+----------------------------------+-------------+--------------+------------+----------+--------------+
; Worst-case tco               ; N/A   ; None          ; 6.727 ns                         ; clk_divided ; clk_out      ; clk_in     ; --       ; 0            ;
; Clock Setup: 'clk_in'        ; N/A   ; None          ; 270.86 MHz ( period = 3.692 ns ) ; compteur[0] ; compteur[24] ; clk_in     ; clk_in   ; 0            ;
; Total number of failed paths ;       ;               ;                                  ;             ;              ;            ;          ; 0            ;
+------------------------------+-------+---------------+----------------------------------+-------------+--------------+------------+----------+--------------+


+--------------------------------------------------------------------------------------------------------------------+
; Timing Analyzer Settings                                                                                           ;
+---------------------------------------------------------------------+--------------------+------+----+-------------+
; Option                                                              ; Setting            ; From ; To ; Entity Name ;
+---------------------------------------------------------------------+--------------------+------+----+-------------+
; Device Name                                                         ; EP2C35F672C6       ;      ;    ;             ;
; Timing Models                                                       ; Final              ;      ;    ;             ;
; Default hold multicycle                                             ; Same as Multicycle ;      ;    ;             ;
; Cut paths between unrelated clock domains                           ; On                 ;      ;    ;             ;
; Cut off read during write signal paths                              ; On                 ;      ;    ;             ;
; Cut off feedback from I/O pins                                      ; On                 ;      ;    ;             ;
; Report Combined Fast/Slow Timing                                    ; Off                ;      ;    ;             ;
; Ignore Clock Settings                                               ; Off                ;      ;    ;             ;
; Analyze latches as synchronous elements                             ; On                 ;      ;    ;             ;
; Enable Recovery/Removal analysis                                    ; Off                ;      ;    ;             ;
; Enable Clock Latency                                                ; Off                ;      ;    ;             ;
; Use TimeQuest Timing Analyzer                                       ; Off                ;      ;    ;             ;
; Minimum Core Junction Temperature                                   ; 0                  ;      ;    ;             ;
; Maximum Core Junction Temperature                                   ; 85                 ;      ;    ;             ;
; Number of source nodes to report per destination node               ; 10                 ;      ;    ;             ;
; Number of destination nodes to report                               ; 10                 ;      ;    ;             ;
; Number of paths to report                                           ; 200                ;      ;    ;             ;
; Report Minimum Timing Checks                                        ; Off                ;      ;    ;             ;
; Use Fast Timing Models                                              ; Off                ;      ;    ;             ;
; Report IO Paths Separately                                          ; Off                ;      ;    ;             ;
; Perform Multicorner Analysis                                        ; On                 ;      ;    ;             ;
; Reports the worst-case path for each clock domain and analysis      ; Off                ;      ;    ;             ;
; Removes common clock path pessimism (CCPP) during slack computation ; Off                ;      ;    ;             ;
; Output I/O Timing Endpoint                                          ; Near End           ;      ;    ;             ;
+---------------------------------------------------------------------+--------------------+------+----+-------------+


+------------------------------------------------------------------------------------------------------------------------------------------------------------------------------------+
; Clock Settings Summary                                                                                                                                                             ;
+-----------------+--------------------+----------+------------------+---------------+--------------+----------+-----------------------+---------------------+--------+--------------+
; Clock Node Name ; Clock Setting Name ; Type     ; Fmax Requirement ; Early Latency ; Late Latency ; Based on ; Multiply Base Fmax by ; Divide Base Fmax by ; Offset ; Phase offset ;
+-----------------+--------------------+----------+------------------+---------------+--------------+----------+-----------------------+---------------------+--------+--------------+
; clk_in          ;                    ; User Pin ; None             ; 0.000 ns      ; 0.000 ns     ; --       ; N/A                   ; N/A                 ; N/A    ;              ;
+-----------------+--------------------+----------+------------------+---------------+--------------+----------+-----------------------+---------------------+--------+--------------+


Parallel compilation was disabled, but you have multiple processors available. Enable parallel compilation to reduce compilation time.
+-------------------------------------+
; Parallel Compilation                ;
+----------------------------+--------+
; Processors                 ; Number ;
+----------------------------+--------+
; Number detected on machine ; 4      ;
; Maximum allowed            ; 1      ;
+----------------------------+--------+


+-----------------------------------------------------------------------------------------------------------------------------------------------------------------------------------------------------------------------------------------+
; Clock Setup: 'clk_in'                                                                                                                                                                                                                   ;
+-----------------------------------------+-----------------------------------------------------+--------------+--------------+------------+----------+-----------------------------+---------------------------+-------------------------+
; Slack                                   ; Actual fmax (period)                                ; From         ; To           ; From Clock ; To Clock ; Required Setup Relationship ; Required Longest P2P Time ; Actual Longest P2P Time ;
+-----------------------------------------+-----------------------------------------------------+--------------+--------------+------------+----------+-----------------------------+---------------------------+-------------------------+
; N/A                                     ; 270.86 MHz ( period = 3.692 ns )                    ; compteur[0]  ; compteur[24] ; clk_in     ; clk_in   ; None                        ; None                      ; 3.486 ns                ;
; N/A                                     ; 276.17 MHz ( period = 3.621 ns )                    ; compteur[1]  ; compteur[24] ; clk_in     ; clk_in   ; None                        ; None                      ; 3.415 ns                ;
; N/A                                     ; 276.47 MHz ( period = 3.617 ns )                    ; compteur[0]  ; compteur[21] ; clk_in     ; clk_in   ; None                        ; None                      ; 3.411 ns                ;
; N/A                                     ; 279.17 MHz ( period = 3.582 ns )                    ; compteur[2]  ; compteur[24] ; clk_in     ; clk_in   ; None                        ; None                      ; 3.376 ns                ;
; N/A                                     ; 281.69 MHz ( period = 3.550 ns )                    ; compteur[0]  ; compteur[22] ; clk_in     ; clk_in   ; None                        ; None                      ; 3.344 ns                ;
; N/A                                     ; 282.01 MHz ( period = 3.546 ns )                    ; compteur[1]  ; compteur[21] ; clk_in     ; clk_in   ; None                        ; None                      ; 3.340 ns                ;
; N/A                                     ; 284.82 MHz ( period = 3.511 ns )                    ; compteur[3]  ; compteur[24] ; clk_in     ; clk_in   ; None                        ; None                      ; 3.305 ns                ;
; N/A                                     ; 285.14 MHz ( period = 3.507 ns )                    ; compteur[2]  ; compteur[21] ; clk_in     ; clk_in   ; None                        ; None                      ; 3.301 ns                ;
; N/A                                     ; 287.44 MHz ( period = 3.479 ns )                    ; compteur[1]  ; compteur[22] ; clk_in     ; clk_in   ; None                        ; None                      ; 3.273 ns                ;
; N/A                                     ; 288.52 MHz ( period = 3.466 ns )                    ; compteur[0]  ; compteur[20] ; clk_in     ; clk_in   ; None                        ; None                      ; 3.260 ns                ;
; N/A                                     ; 290.70 MHz ( period = 3.440 ns )                    ; compteur[2]  ; compteur[22] ; clk_in     ; clk_in   ; None                        ; None                      ; 3.234 ns                ;
; N/A                                     ; 291.04 MHz ( period = 3.436 ns )                    ; compteur[3]  ; compteur[21] ; clk_in     ; clk_in   ; None                        ; None                      ; 3.230 ns                ;
; N/A                                     ; 291.12 MHz ( period = 3.435 ns )                    ; compteur[0]  ; compteur[19] ; clk_in     ; clk_in   ; None                        ; None                      ; 3.229 ns                ;
; N/A                                     ; 293.43 MHz ( period = 3.408 ns )                    ; compteur[4]  ; compteur[24] ; clk_in     ; clk_in   ; None                        ; None                      ; 3.202 ns                ;
; N/A                                     ; 294.55 MHz ( period = 3.395 ns )                    ; compteur[1]  ; compteur[20] ; clk_in     ; clk_in   ; None                        ; None                      ; 3.189 ns                ;
; N/A                                     ; 296.74 MHz ( period = 3.370 ns )                    ; compteur[0]  ; compteur[25] ; clk_in     ; clk_in   ; None                        ; None                      ; 3.164 ns                ;
; N/A                                     ; 296.74 MHz ( period = 3.370 ns )                    ; compteur[0]  ; compteur[18] ; clk_in     ; clk_in   ; None                        ; None                      ; 3.164 ns                ;
; N/A                                     ; 296.82 MHz ( period = 3.369 ns )                    ; compteur[3]  ; compteur[22] ; clk_in     ; clk_in   ; None                        ; None                      ; 3.163 ns                ;
; N/A                                     ; 297.27 MHz ( period = 3.364 ns )                    ; compteur[1]  ; compteur[19] ; clk_in     ; clk_in   ; None                        ; None                      ; 3.158 ns                ;
; N/A                                     ; 297.97 MHz ( period = 3.356 ns )                    ; compteur[2]  ; compteur[20] ; clk_in     ; clk_in   ; None                        ; None                      ; 3.150 ns                ;
; N/A                                     ; 298.15 MHz ( period = 3.354 ns )                    ; compteur[0]  ; compteur[16] ; clk_in     ; clk_in   ; None                        ; None                      ; 3.148 ns                ;
; N/A                                     ; 300.03 MHz ( period = 3.333 ns )                    ; compteur[4]  ; compteur[21] ; clk_in     ; clk_in   ; None                        ; None                      ; 3.127 ns                ;
; N/A                                     ; 300.21 MHz ( period = 3.331 ns )                    ; compteur[0]  ; compteur[13] ; clk_in     ; clk_in   ; None                        ; None                      ; 3.125 ns                ;
; N/A                                     ; 300.75 MHz ( period = 3.325 ns )                    ; compteur[2]  ; compteur[19] ; clk_in     ; clk_in   ; None                        ; None                      ; 3.119 ns                ;
; N/A                                     ; 301.30 MHz ( period = 3.319 ns )                    ; compteur[11] ; compteur[24] ; clk_in     ; clk_in   ; None                        ; None                      ; 3.105 ns                ;
; N/A                                     ; 303.12 MHz ( period = 3.299 ns )                    ; compteur[1]  ; compteur[25] ; clk_in     ; clk_in   ; None                        ; None                      ; 3.093 ns                ;
; N/A                                     ; 303.12 MHz ( period = 3.299 ns )                    ; compteur[1]  ; compteur[18] ; clk_in     ; clk_in   ; None                        ; None                      ; 3.093 ns                ;
; N/A                                     ; 304.23 MHz ( period = 3.287 ns )                    ; compteur[0]  ; compteur[12] ; clk_in     ; clk_in   ; None                        ; None                      ; 3.081 ns                ;
; N/A                                     ; 304.41 MHz ( period = 3.285 ns )                    ; compteur[3]  ; compteur[20] ; clk_in     ; clk_in   ; None                        ; None                      ; 3.079 ns                ;
; N/A                                     ; 304.60 MHz ( period = 3.283 ns )                    ; compteur[5]  ; compteur[24] ; clk_in     ; clk_in   ; None                        ; None                      ; 3.077 ns                ;
; N/A                                     ; 304.60 MHz ( period = 3.283 ns )                    ; compteur[1]  ; compteur[16] ; clk_in     ; clk_in   ; None                        ; None                      ; 3.077 ns                ;
; N/A                                     ; 306.18 MHz ( period = 3.266 ns )                    ; compteur[4]  ; compteur[22] ; clk_in     ; clk_in   ; None                        ; None                      ; 3.060 ns                ;
; N/A                                     ; 306.75 MHz ( period = 3.260 ns )                    ; compteur[2]  ; compteur[25] ; clk_in     ; clk_in   ; None                        ; None                      ; 3.054 ns                ;
; N/A                                     ; 306.75 MHz ( period = 3.260 ns )                    ; compteur[1]  ; compteur[13] ; clk_in     ; clk_in   ; None                        ; None                      ; 3.054 ns                ;
; N/A                                     ; 306.75 MHz ( period = 3.260 ns )                    ; compteur[2]  ; compteur[18] ; clk_in     ; clk_in   ; None                        ; None                      ; 3.054 ns                ;
; N/A                                     ; 307.03 MHz ( period = 3.257 ns )                    ; compteur[5]  ; compteur[0]  ; clk_in     ; clk_in   ; None                        ; None                      ; 3.043 ns                ;
; N/A                                     ; 307.31 MHz ( period = 3.254 ns )                    ; compteur[3]  ; compteur[19] ; clk_in     ; clk_in   ; None                        ; None                      ; 3.048 ns                ;
; N/A                                     ; 308.26 MHz ( period = 3.244 ns )                    ; compteur[8]  ; compteur[0]  ; clk_in     ; clk_in   ; None                        ; None                      ; 3.030 ns                ;
; N/A                                     ; 308.26 MHz ( period = 3.244 ns )                    ; compteur[2]  ; compteur[16] ; clk_in     ; clk_in   ; None                        ; None                      ; 3.038 ns                ;
; N/A                                     ; 308.26 MHz ( period = 3.244 ns )                    ; compteur[11] ; compteur[21] ; clk_in     ; clk_in   ; None                        ; None                      ; 3.030 ns                ;
; N/A                                     ; 309.69 MHz ( period = 3.229 ns )                    ; compteur[12] ; compteur[24] ; clk_in     ; clk_in   ; None                        ; None                      ; 3.015 ns                ;
; N/A                                     ; 309.79 MHz ( period = 3.228 ns )                    ; compteur[0]  ; compteur[23] ; clk_in     ; clk_in   ; None                        ; None                      ; 3.022 ns                ;
; N/A                                     ; 310.27 MHz ( period = 3.223 ns )                    ; compteur[0]  ; compteur[11] ; clk_in     ; clk_in   ; None                        ; None                      ; 3.017 ns                ;
; N/A                                     ; 310.46 MHz ( period = 3.221 ns )                    ; compteur[2]  ; compteur[13] ; clk_in     ; clk_in   ; None                        ; None                      ; 3.015 ns                ;
; N/A                                     ; 310.95 MHz ( period = 3.216 ns )                    ; compteur[1]  ; compteur[12] ; clk_in     ; clk_in   ; None                        ; None                      ; 3.010 ns                ;
; N/A                                     ; 311.72 MHz ( period = 3.208 ns )                    ; compteur[4]  ; compteur[0]  ; clk_in     ; clk_in   ; None                        ; None                      ; 2.994 ns                ;
; N/A                                     ; 311.72 MHz ( period = 3.208 ns )                    ; compteur[5]  ; compteur[21] ; clk_in     ; clk_in   ; None                        ; None                      ; 3.002 ns                ;
; N/A                                     ; 313.58 MHz ( period = 3.189 ns )                    ; compteur[3]  ; compteur[25] ; clk_in     ; clk_in   ; None                        ; None                      ; 2.983 ns                ;
; N/A                                     ; 313.58 MHz ( period = 3.189 ns )                    ; compteur[3]  ; compteur[18] ; clk_in     ; clk_in   ; None                        ; None                      ; 2.983 ns                ;
; N/A                                     ; 314.27 MHz ( period = 3.182 ns )                    ; compteur[4]  ; compteur[20] ; clk_in     ; clk_in   ; None                        ; None                      ; 2.976 ns                ;
; N/A                                     ; 314.76 MHz ( period = 3.177 ns )                    ; compteur[2]  ; compteur[12] ; clk_in     ; clk_in   ; None                        ; None                      ; 2.971 ns                ;
; N/A                                     ; 314.76 MHz ( period = 3.177 ns )                    ; compteur[11] ; compteur[22] ; clk_in     ; clk_in   ; None                        ; None                      ; 2.963 ns                ;
; N/A                                     ; 315.16 MHz ( period = 3.173 ns )                    ; compteur[3]  ; compteur[16] ; clk_in     ; clk_in   ; None                        ; None                      ; 2.967 ns                ;
; N/A                                     ; 315.46 MHz ( period = 3.170 ns )                    ; compteur[6]  ; compteur[24] ; clk_in     ; clk_in   ; None                        ; None                      ; 2.964 ns                ;
; N/A                                     ; 316.76 MHz ( period = 3.157 ns )                    ; compteur[1]  ; compteur[23] ; clk_in     ; clk_in   ; None                        ; None                      ; 2.951 ns                ;
; N/A                                     ; 317.06 MHz ( period = 3.154 ns )                    ; compteur[12] ; compteur[21] ; clk_in     ; clk_in   ; None                        ; None                      ; 2.940 ns                ;
; N/A                                     ; 317.26 MHz ( period = 3.152 ns )                    ; compteur[1]  ; compteur[11] ; clk_in     ; clk_in   ; None                        ; None                      ; 2.946 ns                ;
; N/A                                     ; 317.36 MHz ( period = 3.151 ns )                    ; compteur[4]  ; compteur[19] ; clk_in     ; clk_in   ; None                        ; None                      ; 2.945 ns                ;
; N/A                                     ; 317.46 MHz ( period = 3.150 ns )                    ; compteur[3]  ; compteur[13] ; clk_in     ; clk_in   ; None                        ; None                      ; 2.944 ns                ;
; N/A                                     ; 318.07 MHz ( period = 3.144 ns )                    ; compteur[12] ; compteur[0]  ; clk_in     ; clk_in   ; None                        ; None                      ; 2.922 ns                ;
; N/A                                     ; 318.37 MHz ( period = 3.141 ns )                    ; compteur[7]  ; compteur[24] ; clk_in     ; clk_in   ; None                        ; None                      ; 2.935 ns                ;
; N/A                                     ; 318.37 MHz ( period = 3.141 ns )                    ; compteur[5]  ; compteur[22] ; clk_in     ; clk_in   ; None                        ; None                      ; 2.935 ns                ;
; N/A                                     ; 320.41 MHz ( period = 3.121 ns )                    ; compteur[7]  ; compteur[0]  ; clk_in     ; clk_in   ; None                        ; None                      ; 2.907 ns                ;
; N/A                                     ; 320.72 MHz ( period = 3.118 ns )                    ; compteur[2]  ; compteur[23] ; clk_in     ; clk_in   ; None                        ; None                      ; 2.912 ns                ;
; N/A                                     ; 321.23 MHz ( period = 3.113 ns )                    ; compteur[2]  ; compteur[11] ; clk_in     ; clk_in   ; None                        ; None                      ; 2.907 ns                ;
; N/A                                     ; 321.96 MHz ( period = 3.106 ns )                    ; compteur[3]  ; compteur[12] ; clk_in     ; clk_in   ; None                        ; None                      ; 2.900 ns                ;
; N/A                                     ; 323.10 MHz ( period = 3.095 ns )                    ; compteur[6]  ; compteur[21] ; clk_in     ; clk_in   ; None                        ; None                      ; 2.889 ns                ;
; N/A                                     ; 323.31 MHz ( period = 3.093 ns )                    ; compteur[11] ; compteur[20] ; clk_in     ; clk_in   ; None                        ; None                      ; 2.879 ns                ;
; N/A                                     ; 323.73 MHz ( period = 3.089 ns )                    ; compteur[0]  ; compteur[14] ; clk_in     ; clk_in   ; None                        ; None                      ; 2.883 ns                ;
; N/A                                     ; 323.94 MHz ( period = 3.087 ns )                    ; compteur[12] ; compteur[22] ; clk_in     ; clk_in   ; None                        ; None                      ; 2.873 ns                ;
; N/A                                     ; 324.04 MHz ( period = 3.086 ns )                    ; compteur[4]  ; compteur[25] ; clk_in     ; clk_in   ; None                        ; None                      ; 2.880 ns                ;
; N/A                                     ; 324.04 MHz ( period = 3.086 ns )                    ; compteur[17] ; compteur[6]  ; clk_in     ; clk_in   ; None                        ; None                      ; 2.864 ns                ;
; N/A                                     ; 324.04 MHz ( period = 3.086 ns )                    ; compteur[4]  ; compteur[18] ; clk_in     ; clk_in   ; None                        ; None                      ; 2.880 ns                ;
; N/A                                     ; 325.73 MHz ( period = 3.070 ns )                    ; compteur[4]  ; compteur[16] ; clk_in     ; clk_in   ; None                        ; None                      ; 2.864 ns                ;
; N/A                                     ; 326.16 MHz ( period = 3.066 ns )                    ; compteur[7]  ; compteur[21] ; clk_in     ; clk_in   ; None                        ; None                      ; 2.860 ns                ;
; N/A                                     ; 326.58 MHz ( period = 3.062 ns )                    ; compteur[11] ; compteur[19] ; clk_in     ; clk_in   ; None                        ; None                      ; 2.848 ns                ;
; N/A                                     ; 327.12 MHz ( period = 3.057 ns )                    ; compteur[5]  ; compteur[20] ; clk_in     ; clk_in   ; None                        ; None                      ; 2.851 ns                ;
; N/A                                     ; 328.19 MHz ( period = 3.047 ns )                    ; compteur[4]  ; compteur[13] ; clk_in     ; clk_in   ; None                        ; None                      ; 2.841 ns                ;
; N/A                                     ; 328.19 MHz ( period = 3.047 ns )                    ; compteur[3]  ; compteur[23] ; clk_in     ; clk_in   ; None                        ; None                      ; 2.841 ns                ;
; N/A                                     ; 328.41 MHz ( period = 3.045 ns )                    ; compteur[2]  ; compteur[0]  ; clk_in     ; clk_in   ; None                        ; None                      ; 2.831 ns                ;
; N/A                                     ; 328.73 MHz ( period = 3.042 ns )                    ; compteur[9]  ; compteur[0]  ; clk_in     ; clk_in   ; None                        ; None                      ; 2.828 ns                ;
; N/A                                     ; 328.73 MHz ( period = 3.042 ns )                    ; compteur[3]  ; compteur[11] ; clk_in     ; clk_in   ; None                        ; None                      ; 2.836 ns                ;
; N/A                                     ; 329.82 MHz ( period = 3.032 ns )                    ; compteur[8]  ; compteur[21] ; clk_in     ; clk_in   ; None                        ; None                      ; 2.826 ns                ;
; N/A                                     ; 330.25 MHz ( period = 3.028 ns )                    ; compteur[6]  ; compteur[22] ; clk_in     ; clk_in   ; None                        ; None                      ; 2.822 ns                ;
; N/A                                     ; 330.36 MHz ( period = 3.027 ns )                    ; compteur[8]  ; compteur[24] ; clk_in     ; clk_in   ; None                        ; None                      ; 2.821 ns                ;
; N/A                                     ; 330.47 MHz ( period = 3.026 ns )                    ; compteur[5]  ; compteur[19] ; clk_in     ; clk_in   ; None                        ; None                      ; 2.820 ns                ;
; N/A                                     ; 331.35 MHz ( period = 3.018 ns )                    ; compteur[1]  ; compteur[14] ; clk_in     ; clk_in   ; None                        ; None                      ; 2.812 ns                ;
; N/A                                     ; 331.90 MHz ( period = 3.013 ns )                    ; compteur[15] ; compteur[0]  ; clk_in     ; clk_in   ; None                        ; None                      ; 2.791 ns                ;
; N/A                                     ; 332.34 MHz ( period = 3.009 ns )                    ; compteur[1]  ; compteur[0]  ; clk_in     ; clk_in   ; None                        ; None                      ; 2.795 ns                ;
; N/A                                     ; 332.89 MHz ( period = 3.004 ns )                    ; compteur[9]  ; compteur[24] ; clk_in     ; clk_in   ; None                        ; None                      ; 2.798 ns                ;
; N/A                                     ; 333.00 MHz ( period = 3.003 ns )                    ; compteur[4]  ; compteur[12] ; clk_in     ; clk_in   ; None                        ; None                      ; 2.797 ns                ;
; N/A                                     ; 333.00 MHz ( period = 3.003 ns )                    ; compteur[12] ; compteur[20] ; clk_in     ; clk_in   ; None                        ; None                      ; 2.789 ns                ;
; N/A                                     ; 333.44 MHz ( period = 2.999 ns )                    ; compteur[7]  ; compteur[22] ; clk_in     ; clk_in   ; None                        ; None                      ; 2.793 ns                ;
; N/A                                     ; 333.67 MHz ( period = 2.997 ns )                    ; compteur[11] ; compteur[25] ; clk_in     ; clk_in   ; None                        ; None                      ; 2.783 ns                ;
; N/A                                     ; 333.67 MHz ( period = 2.997 ns )                    ; compteur[11] ; compteur[18] ; clk_in     ; clk_in   ; None                        ; None                      ; 2.783 ns                ;
; N/A                                     ; 335.12 MHz ( period = 2.984 ns )                    ; compteur[5]  ; compteur[6]  ; clk_in     ; clk_in   ; None                        ; None                      ; 2.770 ns                ;
; N/A                                     ; 335.35 MHz ( period = 2.982 ns )                    ; compteur[10] ; compteur[0]  ; clk_in     ; clk_in   ; None                        ; None                      ; 2.768 ns                ;
; N/A                                     ; 335.46 MHz ( period = 2.981 ns )                    ; compteur[11] ; compteur[16] ; clk_in     ; clk_in   ; None                        ; None                      ; 2.767 ns                ;
; N/A                                     ; 335.68 MHz ( period = 2.979 ns )                    ; compteur[2]  ; compteur[14] ; clk_in     ; clk_in   ; None                        ; None                      ; 2.773 ns                ;
; N/A                                     ; 336.47 MHz ( period = 2.972 ns )                    ; compteur[12] ; compteur[19] ; clk_in     ; clk_in   ; None                        ; None                      ; 2.758 ns                ;
; N/A                                     ; 336.59 MHz ( period = 2.971 ns )                    ; compteur[8]  ; compteur[6]  ; clk_in     ; clk_in   ; None                        ; None                      ; 2.757 ns                ;
; N/A                                     ; 336.81 MHz ( period = 2.969 ns )                    ; compteur[6]  ; compteur[0]  ; clk_in     ; clk_in   ; None                        ; None                      ; 2.755 ns                ;
; N/A                                     ; 337.72 MHz ( period = 2.961 ns )                    ; compteur[5]  ; compteur[25] ; clk_in     ; clk_in   ; None                        ; None                      ; 2.755 ns                ;
; N/A                                     ; 337.72 MHz ( period = 2.961 ns )                    ; compteur[5]  ; compteur[18] ; clk_in     ; clk_in   ; None                        ; None                      ; 2.755 ns                ;
; N/A                                     ; 338.07 MHz ( period = 2.958 ns )                    ; compteur[11] ; compteur[13] ; clk_in     ; clk_in   ; None                        ; None                      ; 2.744 ns                ;
; N/A                                     ; 338.98 MHz ( period = 2.950 ns )                    ; compteur[0]  ; compteur[0]  ; clk_in     ; clk_in   ; None                        ; None                      ; 2.736 ns                ;
; N/A                                     ; 339.56 MHz ( period = 2.945 ns )                    ; compteur[5]  ; compteur[16] ; clk_in     ; clk_in   ; None                        ; None                      ; 2.739 ns                ;
; N/A                                     ; 339.67 MHz ( period = 2.944 ns )                    ; compteur[6]  ; compteur[20] ; clk_in     ; clk_in   ; None                        ; None                      ; 2.738 ns                ;
; N/A                                     ; 339.67 MHz ( period = 2.944 ns )                    ; compteur[4]  ; compteur[23] ; clk_in     ; clk_in   ; None                        ; None                      ; 2.738 ns                ;
; N/A                                     ; 340.25 MHz ( period = 2.939 ns )                    ; compteur[4]  ; compteur[11] ; clk_in     ; clk_in   ; None                        ; None                      ; 2.733 ns                ;
; N/A                                     ; 340.72 MHz ( period = 2.935 ns )                    ; compteur[4]  ; compteur[6]  ; clk_in     ; clk_in   ; None                        ; None                      ; 2.721 ns                ;
; N/A                                     ; 340.83 MHz ( period = 2.934 ns )                    ; compteur[14] ; compteur[0]  ; clk_in     ; clk_in   ; None                        ; None                      ; 2.712 ns                ;
; N/A                                     ; 341.41 MHz ( period = 2.929 ns )                    ; compteur[9]  ; compteur[21] ; clk_in     ; clk_in   ; None                        ; None                      ; 2.723 ns                ;
; N/A                                     ; 342.23 MHz ( period = 2.922 ns )                    ; compteur[5]  ; compteur[13] ; clk_in     ; clk_in   ; None                        ; None                      ; 2.716 ns                ;
; N/A                                     ; 343.05 MHz ( period = 2.915 ns )                    ; compteur[7]  ; compteur[20] ; clk_in     ; clk_in   ; None                        ; None                      ; 2.709 ns                ;
; N/A                                     ; 343.17 MHz ( period = 2.914 ns )                    ; compteur[11] ; compteur[12] ; clk_in     ; clk_in   ; None                        ; None                      ; 2.700 ns                ;
; N/A                                     ; 343.29 MHz ( period = 2.913 ns )                    ; compteur[6]  ; compteur[19] ; clk_in     ; clk_in   ; None                        ; None                      ; 2.707 ns                ;
; N/A                                     ; 343.88 MHz ( period = 2.908 ns )                    ; compteur[3]  ; compteur[14] ; clk_in     ; clk_in   ; None                        ; None                      ; 2.702 ns                ;
; N/A                                     ; 344.00 MHz ( period = 2.907 ns )                    ; compteur[12] ; compteur[25] ; clk_in     ; clk_in   ; None                        ; None                      ; 2.693 ns                ;
; N/A                                     ; 344.00 MHz ( period = 2.907 ns )                    ; compteur[12] ; compteur[18] ; clk_in     ; clk_in   ; None                        ; None                      ; 2.693 ns                ;
; N/A                                     ; 345.66 MHz ( period = 2.893 ns )                    ; compteur[23] ; compteur[6]  ; clk_in     ; clk_in   ; None                        ; None                      ; 2.671 ns                ;
; N/A                                     ; 345.90 MHz ( period = 2.891 ns )                    ; compteur[12] ; compteur[16] ; clk_in     ; clk_in   ; None                        ; None                      ; 2.677 ns                ;
; N/A                                     ; 345.90 MHz ( period = 2.891 ns )                    ; compteur[8]  ; compteur[22] ; clk_in     ; clk_in   ; None                        ; None                      ; 2.685 ns                ;
; N/A                                     ; 346.74 MHz ( period = 2.884 ns )                    ; compteur[7]  ; compteur[19] ; clk_in     ; clk_in   ; None                        ; None                      ; 2.678 ns                ;
; N/A                                     ; 347.34 MHz ( period = 2.879 ns )                    ; compteur[10] ; compteur[24] ; clk_in     ; clk_in   ; None                        ; None                      ; 2.673 ns                ;
; N/A                                     ; 347.46 MHz ( period = 2.878 ns )                    ; compteur[3]  ; compteur[0]  ; clk_in     ; clk_in   ; None                        ; None                      ; 2.664 ns                ;
; N/A                                     ; 347.46 MHz ( period = 2.878 ns )                    ; compteur[5]  ; compteur[12] ; clk_in     ; clk_in   ; None                        ; None                      ; 2.672 ns                ;
; N/A                                     ; 348.31 MHz ( period = 2.871 ns )                    ; compteur[12] ; compteur[6]  ; clk_in     ; clk_in   ; None                        ; None                      ; 2.649 ns                ;
; N/A                                     ; 348.31 MHz ( period = 2.871 ns )                    ; compteur[19] ; compteur[6]  ; clk_in     ; clk_in   ; None                        ; None                      ; 2.649 ns                ;
; N/A                                     ; 348.68 MHz ( period = 2.868 ns )                    ; compteur[12] ; compteur[13] ; clk_in     ; clk_in   ; None                        ; None                      ; 2.654 ns                ;
; N/A                                     ; 349.41 MHz ( period = 2.862 ns )                    ; compteur[9]  ; compteur[22] ; clk_in     ; clk_in   ; None                        ; None                      ; 2.656 ns                ;
; N/A                                     ; 349.53 MHz ( period = 2.861 ns )                    ; compteur[5]  ; compteur[14] ; clk_in     ; clk_in   ; None                        ; None                      ; 2.655 ns                ;
; N/A                                     ; 350.02 MHz ( period = 2.857 ns )                    ; compteur[22] ; compteur[6]  ; clk_in     ; clk_in   ; None                        ; None                      ; 2.635 ns                ;
; N/A                                     ; 350.26 MHz ( period = 2.855 ns )                    ; compteur[11] ; compteur[23] ; clk_in     ; clk_in   ; None                        ; None                      ; 2.641 ns                ;
; N/A                                     ; 350.88 MHz ( period = 2.850 ns )                    ; compteur[8]  ; compteur[20] ; clk_in     ; clk_in   ; None                        ; None                      ; 2.644 ns                ;
; N/A                                     ; 351.00 MHz ( period = 2.849 ns )                    ; compteur[8]  ; compteur[19] ; clk_in     ; clk_in   ; None                        ; None                      ; 2.643 ns                ;
; N/A                                     ; 351.12 MHz ( period = 2.848 ns )                    ; compteur[6]  ; compteur[25] ; clk_in     ; clk_in   ; None                        ; None                      ; 2.642 ns                ;
; N/A                                     ; 351.12 MHz ( period = 2.848 ns )                    ; compteur[8]  ; compteur[14] ; clk_in     ; clk_in   ; None                        ; None                      ; 2.642 ns                ;
; N/A                                     ; 351.12 MHz ( period = 2.848 ns )                    ; compteur[7]  ; compteur[6]  ; clk_in     ; clk_in   ; None                        ; None                      ; 2.634 ns                ;
; N/A                                     ; 351.12 MHz ( period = 2.848 ns )                    ; compteur[6]  ; compteur[18] ; clk_in     ; clk_in   ; None                        ; None                      ; 2.642 ns                ;
; N/A                                     ; 351.86 MHz ( period = 2.842 ns )                    ; compteur[20] ; compteur[6]  ; clk_in     ; clk_in   ; None                        ; None                      ; 2.620 ns                ;
; N/A                                     ; 352.49 MHz ( period = 2.837 ns )                    ; compteur[8]  ; compteur[18] ; clk_in     ; clk_in   ; None                        ; None                      ; 2.631 ns                ;
; N/A                                     ; 352.61 MHz ( period = 2.836 ns )                    ; compteur[25] ; compteur[6]  ; clk_in     ; clk_in   ; None                        ; None                      ; 2.614 ns                ;
; N/A                                     ; 353.11 MHz ( period = 2.832 ns )                    ; compteur[6]  ; compteur[16] ; clk_in     ; clk_in   ; None                        ; None                      ; 2.626 ns                ;
; N/A                                     ; 354.74 MHz ( period = 2.819 ns )                    ; compteur[7]  ; compteur[25] ; clk_in     ; clk_in   ; None                        ; None                      ; 2.613 ns                ;
; N/A                                     ; 354.74 MHz ( period = 2.819 ns )                    ; compteur[7]  ; compteur[18] ; clk_in     ; clk_in   ; None                        ; None                      ; 2.613 ns                ;
; N/A                                     ; 354.74 MHz ( period = 2.819 ns )                    ; compteur[5]  ; compteur[23] ; clk_in     ; clk_in   ; None                        ; None                      ; 2.613 ns                ;
; N/A                                     ; 355.37 MHz ( period = 2.814 ns )                    ; compteur[5]  ; compteur[11] ; clk_in     ; clk_in   ; None                        ; None                      ; 2.608 ns                ;
; N/A                                     ; 355.62 MHz ( period = 2.812 ns )                    ; compteur[4]  ; compteur[14] ; clk_in     ; clk_in   ; None                        ; None                      ; 2.606 ns                ;
; N/A                                     ; 356.00 MHz ( period = 2.809 ns )                    ; compteur[6]  ; compteur[13] ; clk_in     ; clk_in   ; None                        ; None                      ; 2.603 ns                ;
; N/A                                     ; 356.63 MHz ( period = 2.804 ns )                    ; compteur[10] ; compteur[21] ; clk_in     ; clk_in   ; None                        ; None                      ; 2.598 ns                ;
; N/A                                     ; 356.76 MHz ( period = 2.803 ns )                    ; compteur[7]  ; compteur[16] ; clk_in     ; clk_in   ; None                        ; None                      ; 2.597 ns                ;
; N/A                                     ; 356.89 MHz ( period = 2.802 ns )                    ; compteur[13] ; compteur[24] ; clk_in     ; clk_in   ; None                        ; None                      ; 2.588 ns                ;
; N/A                                     ; 357.02 MHz ( period = 2.801 ns )                    ; compteur[15] ; compteur[21] ; clk_in     ; clk_in   ; None                        ; None                      ; 2.587 ns                ;
; N/A                                     ; 358.81 MHz ( period = 2.787 ns )                    ; compteur[17] ; compteur[24] ; clk_in     ; clk_in   ; None                        ; None                      ; 2.573 ns                ;
; N/A                                     ; 358.81 MHz ( period = 2.787 ns )                    ; compteur[17] ; compteur[22] ; clk_in     ; clk_in   ; None                        ; None                      ; 2.573 ns                ;
; N/A                                     ; 359.71 MHz ( period = 2.780 ns )                    ; compteur[17] ; compteur[0]  ; clk_in     ; clk_in   ; None                        ; None                      ; 2.558 ns                ;
; N/A                                     ; 359.71 MHz ( period = 2.780 ns )                    ; compteur[7]  ; compteur[13] ; clk_in     ; clk_in   ; None                        ; None                      ; 2.574 ns                ;
; N/A                                     ; 359.97 MHz ( period = 2.778 ns )                    ; compteur[9]  ; compteur[20] ; clk_in     ; clk_in   ; None                        ; None                      ; 2.572 ns                ;
; N/A                                     ; 360.75 MHz ( period = 2.772 ns )                    ; compteur[2]  ; compteur[6]  ; clk_in     ; clk_in   ; None                        ; None                      ; 2.558 ns                ;
; N/A                                     ; 361.14 MHz ( period = 2.769 ns )                    ; compteur[9]  ; compteur[6]  ; clk_in     ; clk_in   ; None                        ; None                      ; 2.555 ns                ;
; N/A                                     ; 361.66 MHz ( period = 2.765 ns )                    ; compteur[6]  ; compteur[12] ; clk_in     ; clk_in   ; None                        ; None                      ; 2.559 ns                ;
; N/A                                     ; 361.66 MHz ( period = 2.765 ns )                    ; compteur[12] ; compteur[23] ; clk_in     ; clk_in   ; None                        ; None                      ; 2.551 ns                ;
; N/A                                     ; 361.93 MHz ( period = 2.763 ns )                    ; compteur[18] ; compteur[6]  ; clk_in     ; clk_in   ; None                        ; None                      ; 2.541 ns                ;
; N/A                                     ; 363.90 MHz ( period = 2.748 ns )                    ; compteur[12] ; compteur[14] ; clk_in     ; clk_in   ; None                        ; None                      ; 2.534 ns                ;
; N/A                                     ; 364.03 MHz ( period = 2.747 ns )                    ; compteur[9]  ; compteur[19] ; clk_in     ; clk_in   ; None                        ; None                      ; 2.541 ns                ;
; N/A                                     ; 364.96 MHz ( period = 2.740 ns )                    ; compteur[15] ; compteur[6]  ; clk_in     ; clk_in   ; None                        ; None                      ; 2.518 ns                ;
; N/A                                     ; 365.36 MHz ( period = 2.737 ns )                    ; compteur[10] ; compteur[22] ; clk_in     ; clk_in   ; None                        ; None                      ; 2.531 ns                ;
; N/A                                     ; 365.50 MHz ( period = 2.736 ns )                    ; compteur[7]  ; compteur[12] ; clk_in     ; clk_in   ; None                        ; None                      ; 2.530 ns                ;
; N/A                                     ; 365.50 MHz ( period = 2.736 ns )                    ; compteur[1]  ; compteur[6]  ; clk_in     ; clk_in   ; None                        ; None                      ; 2.522 ns                ;
; N/A                                     ; 366.43 MHz ( period = 2.729 ns )                    ; compteur[13] ; compteur[0]  ; clk_in     ; clk_in   ; None                        ; None                      ; 2.507 ns                ;
; N/A                                     ; 366.70 MHz ( period = 2.727 ns )                    ; compteur[13] ; compteur[21] ; clk_in     ; clk_in   ; None                        ; None                      ; 2.513 ns                ;
; N/A                                     ; 366.97 MHz ( period = 2.725 ns )                    ; compteur[7]  ; compteur[14] ; clk_in     ; clk_in   ; None                        ; None                      ; 2.519 ns                ;
; N/A                                     ; 367.38 MHz ( period = 2.722 ns )                    ; compteur[14] ; compteur[21] ; clk_in     ; clk_in   ; None                        ; None                      ; 2.508 ns                ;
; N/A                                     ; 368.19 MHz ( period = 2.716 ns )                    ; compteur[11] ; compteur[14] ; clk_in     ; clk_in   ; None                        ; None                      ; 2.502 ns                ;
; N/A                                     ; 368.46 MHz ( period = 2.714 ns )                    ; compteur[0]  ; compteur[17] ; clk_in     ; clk_in   ; None                        ; None                      ; 2.508 ns                ;
; N/A                                     ; 368.60 MHz ( period = 2.713 ns )                    ; compteur[14] ; compteur[24] ; clk_in     ; clk_in   ; None                        ; None                      ; 2.499 ns                ;
; N/A                                     ; 369.14 MHz ( period = 2.709 ns )                    ; compteur[10] ; compteur[6]  ; clk_in     ; clk_in   ; None                        ; None                      ; 2.495 ns                ;
; N/A                                     ; 369.55 MHz ( period = 2.706 ns )                    ; compteur[6]  ; compteur[23] ; clk_in     ; clk_in   ; None                        ; None                      ; 2.500 ns                ;
; N/A                                     ; 369.69 MHz ( period = 2.705 ns )                    ; compteur[8]  ; compteur[25] ; clk_in     ; clk_in   ; None                        ; None                      ; 2.499 ns                ;
; N/A                                     ; 370.23 MHz ( period = 2.701 ns )                    ; compteur[11] ; compteur[0]  ; clk_in     ; clk_in   ; None                        ; None                      ; 2.479 ns                ;
; N/A                                     ; 370.23 MHz ( period = 2.701 ns )                    ; compteur[6]  ; compteur[11] ; clk_in     ; clk_in   ; None                        ; None                      ; 2.495 ns                ;
; N/A                                     ; 370.92 MHz ( period = 2.696 ns )                    ; compteur[6]  ; compteur[6]  ; clk_in     ; clk_in   ; None                        ; None                      ; 2.482 ns                ;
; N/A                                     ; 371.89 MHz ( period = 2.689 ns )                    ; compteur[8]  ; compteur[16] ; clk_in     ; clk_in   ; None                        ; None                      ; 2.483 ns                ;
; N/A                                     ; 372.86 MHz ( period = 2.682 ns )                    ; compteur[9]  ; compteur[25] ; clk_in     ; clk_in   ; None                        ; None                      ; 2.476 ns                ;
; N/A                                     ; 372.86 MHz ( period = 2.682 ns )                    ; compteur[9]  ; compteur[18] ; clk_in     ; clk_in   ; None                        ; None                      ; 2.476 ns                ;
; N/A                                     ; 373.55 MHz ( period = 2.677 ns )                    ; compteur[0]  ; compteur[6]  ; clk_in     ; clk_in   ; None                        ; None                      ; 2.463 ns                ;
; N/A                                     ; 373.55 MHz ( period = 2.677 ns )                    ; compteur[7]  ; compteur[23] ; clk_in     ; clk_in   ; None                        ; None                      ; 2.471 ns                ;
; N/A                                     ; 374.25 MHz ( period = 2.672 ns )                    ; compteur[7]  ; compteur[11] ; clk_in     ; clk_in   ; None                        ; None                      ; 2.466 ns                ;
; N/A                                     ; 374.39 MHz ( period = 2.671 ns )                    ; compteur[17] ; compteur[11] ; clk_in     ; clk_in   ; None                        ; None                      ; 2.457 ns                ;
; N/A                                     ; 374.39 MHz ( period = 2.671 ns )                    ; compteur[17] ; clk_divided  ; clk_in     ; clk_in   ; None                        ; None                      ; 2.457 ns                ;
; N/A                                     ; 374.67 MHz ( period = 2.669 ns )                    ; compteur[17] ; compteur[16] ; clk_in     ; clk_in   ; None                        ; None                      ; 2.455 ns                ;
; N/A                                     ; 375.09 MHz ( period = 2.666 ns )                    ; compteur[8]  ; compteur[13] ; clk_in     ; clk_in   ; None                        ; None                      ; 2.460 ns                ;
; N/A                                     ; 375.09 MHz ( period = 2.666 ns )                    ; compteur[9]  ; compteur[16] ; clk_in     ; clk_in   ; None                        ; None                      ; 2.460 ns                ;
; N/A                                     ; 375.80 MHz ( period = 2.661 ns )                    ; compteur[17] ; compteur[12] ; clk_in     ; clk_in   ; None                        ; None                      ; 2.447 ns                ;
; N/A                                     ; 375.80 MHz ( period = 2.661 ns )                    ; compteur[17] ; compteur[13] ; clk_in     ; clk_in   ; None                        ; None                      ; 2.447 ns                ;
; N/A                                     ; 375.80 MHz ( period = 2.661 ns )                    ; compteur[14] ; compteur[6]  ; clk_in     ; clk_in   ; None                        ; None                      ; 2.439 ns                ;
; N/A                                     ; 375.94 MHz ( period = 2.660 ns )                    ; compteur[15] ; compteur[22] ; clk_in     ; clk_in   ; None                        ; None                      ; 2.446 ns                ;
; N/A                                     ; 375.94 MHz ( period = 2.660 ns )                    ; compteur[13] ; compteur[22] ; clk_in     ; clk_in   ; None                        ; None                      ; 2.446 ns                ;
; N/A                                     ; 376.08 MHz ( period = 2.659 ns )                    ; compteur[15] ; compteur[24] ; clk_in     ; clk_in   ; None                        ; None                      ; 2.445 ns                ;
; Timing analysis restricted to 200 rows. ; To change the limit use Settings (Assignments menu) ;              ;              ;            ;          ;                             ;                           ;                         ;
+-----------------------------------------+-----------------------------------------------------+--------------+--------------+------------+----------+-----------------------------+---------------------------+-------------------------+


+------------------------------------------------------------------------+
; tco                                                                    ;
+-------+--------------+------------+-------------+---------+------------+
; Slack ; Required tco ; Actual tco ; From        ; To      ; From Clock ;
+-------+--------------+------------+-------------+---------+------------+
; N/A   ; None         ; 6.727 ns   ; clk_divided ; clk_out ; clk_in     ;
+-------+--------------+------------+-------------+---------+------------+


+--------------------------+
; Timing Analyzer Messages ;
+--------------------------+
Info: *******************************************************************
Info: Running Quartus II Classic Timing Analyzer
    Info: Version 9.0 Build 235 06/17/2009 Service Pack 2 SJ Web Edition
    Info: Processing started: Fri Sep 08 08:59:52 2023
Info: Command: quartus_tan --read_settings_files=off --write_settings_files=off diviseur -c diviseur --timing_analysis_only
Warning: Found pins functioning as undefined clocks and/or memory enables
    Info: Assuming node "clk_in" is an undefined clock
Info: Clock "clk_in" has Internal fmax of 270.86 MHz between source register "compteur[0]" and destination register "compteur[24]" (period= 3.692 ns)
    Info: + Longest register to register delay is 3.486 ns
        Info: 1: + IC(0.000 ns) + CELL(0.000 ns) = 0.000 ns; Loc. = LCFF_X63_Y8_N5; Fanout = 3; REG Node = 'compteur[0]'
        Info: 2: + IC(0.322 ns) + CELL(0.393 ns) = 0.715 ns; Loc. = LCCOMB_X63_Y8_N6; Fanout = 2; COMB Node = 'Add0~1'
        Info: 3: + IC(0.000 ns) + CELL(0.071 ns) = 0.786 ns; Loc. = LCCOMB_X63_Y8_N8; Fanout = 2; COMB Node = 'Add0~3'
        Info: 4: + IC(0.000 ns) + CELL(0.071 ns) = 0.857 ns; Loc. = LCCOMB_X63_Y8_N10; Fanout = 2; COMB Node = 'Add0~5'
        Info: 5: + IC(0.000 ns) + CELL(0.071 ns) = 0.928 ns; Loc. = LCCOMB_X63_Y8_N12; Fanout = 2; COMB Node = 'Add0~7'
        Info: 6: + IC(0.000 ns) + CELL(0.159 ns) = 1.087 ns; Loc. = LCCOMB_X63_Y8_N14; Fanout = 2; COMB Node = 'Add0~9'
        Info: 7: + IC(0.000 ns) + CELL(0.071 ns) = 1.158 ns; Loc. = LCCOMB_X63_Y8_N16; Fanout = 2; COMB Node = 'Add0~11'
        Info: 8: + IC(0.000 ns) + CELL(0.071 ns) = 1.229 ns; Loc. = LCCOMB_X63_Y8_N18; Fanout = 2; COMB Node = 'Add0~13'
        Info: 9: + IC(0.000 ns) + CELL(0.071 ns) = 1.300 ns; Loc. = LCCOMB_X63_Y8_N20; Fanout = 2; COMB Node = 'Add0~15'
        Info: 10: + IC(0.000 ns) + CELL(0.071 ns) = 1.371 ns; Loc. = LCCOMB_X63_Y8_N22; Fanout = 2; COMB Node = 'Add0~17'
        Info: 11: + IC(0.000 ns) + CELL(0.071 ns) = 1.442 ns; Loc. = LCCOMB_X63_Y8_N24; Fanout = 2; COMB Node = 'Add0~19'
        Info: 12: + IC(0.000 ns) + CELL(0.071 ns) = 1.513 ns; Loc. = LCCOMB_X63_Y8_N26; Fanout = 2; COMB Node = 'Add0~21'
        Info: 13: + IC(0.000 ns) + CELL(0.071 ns) = 1.584 ns; Loc. = LCCOMB_X63_Y8_N28; Fanout = 2; COMB Node = 'Add0~23'
        Info: 14: + IC(0.000 ns) + CELL(0.146 ns) = 1.730 ns; Loc. = LCCOMB_X63_Y8_N30; Fanout = 2; COMB Node = 'Add0~25'
        Info: 15: + IC(0.000 ns) + CELL(0.071 ns) = 1.801 ns; Loc. = LCCOMB_X63_Y7_N0; Fanout = 2; COMB Node = 'Add0~27'
        Info: 16: + IC(0.000 ns) + CELL(0.071 ns) = 1.872 ns; Loc. = LCCOMB_X63_Y7_N2; Fanout = 2; COMB Node = 'Add0~29'
        Info: 17: + IC(0.000 ns) + CELL(0.071 ns) = 1.943 ns; Loc. = LCCOMB_X63_Y7_N4; Fanout = 2; COMB Node = 'Add0~31'
        Info: 18: + IC(0.000 ns) + CELL(0.071 ns) = 2.014 ns; Loc. = LCCOMB_X63_Y7_N6; Fanout = 2; COMB Node = 'Add0~33'
        Info: 19: + IC(0.000 ns) + CELL(0.071 ns) = 2.085 ns; Loc. = LCCOMB_X63_Y7_N8; Fanout = 2; COMB Node = 'Add0~35'
        Info: 20: + IC(0.000 ns) + CELL(0.071 ns) = 2.156 ns; Loc. = LCCOMB_X63_Y7_N10; Fanout = 2; COMB Node = 'Add0~37'
        Info: 21: + IC(0.000 ns) + CELL(0.071 ns) = 2.227 ns; Loc. = LCCOMB_X63_Y7_N12; Fanout = 2; COMB Node = 'Add0~39'
        Info: 22: + IC(0.000 ns) + CELL(0.159 ns) = 2.386 ns; Loc. = LCCOMB_X63_Y7_N14; Fanout = 2; COMB Node = 'Add0~41'
        Info: 23: + IC(0.000 ns) + CELL(0.071 ns) = 2.457 ns; Loc. = LCCOMB_X63_Y7_N16; Fanout = 2; COMB Node = 'Add0~43'
        Info: 24: + IC(0.000 ns) + CELL(0.071 ns) = 2.528 ns; Loc. = LCCOMB_X63_Y7_N18; Fanout = 2; COMB Node = 'Add0~45'
        Info: 25: + IC(0.000 ns) + CELL(0.071 ns) = 2.599 ns; Loc. = LCCOMB_X63_Y7_N20; Fanout = 2; COMB Node = 'Add0~47'
        Info: 26: + IC(0.000 ns) + CELL(0.410 ns) = 3.009 ns; Loc. = LCCOMB_X63_Y7_N22; Fanout = 1; COMB Node = 'Add0~48'
        Info: 27: + IC(0.243 ns) + CELL(0.150 ns) = 3.402 ns; Loc. = LCCOMB_X63_Y7_N30; Fanout = 1; COMB Node = 'compteur~38'
        Info: 28: + IC(0.000 ns) + CELL(0.084 ns) = 3.486 ns; Loc. = LCFF_X63_Y7_N31; Fanout = 3; REG Node = 'compteur[24]'
        Info: Total cell delay = 2.921 ns ( 83.79 % )
        Info: Total interconnect delay = 0.565 ns ( 16.21 % )
    Info: - Smallest clock skew is 0.008 ns
        Info: + Shortest clock path from clock "clk_in" to destination register is 2.679 ns
            Info: 1: + IC(0.000 ns) + CELL(0.999 ns) = 0.999 ns; Loc. = PIN_N2; Fanout = 1; CLK Node = 'clk_in'
            Info: 2: + IC(0.118 ns) + CELL(0.000 ns) = 1.117 ns; Loc. = CLKCTRL_G2; Fanout = 27; COMB Node = 'clk_in~clkctrl'
            Info: 3: + IC(1.025 ns) + CELL(0.537 ns) = 2.679 ns; Loc. = LCFF_X63_Y7_N31; Fanout = 3; REG Node = 'compteur[24]'
            Info: Total cell delay = 1.536 ns ( 57.33 % )
            Info: Total interconnect delay = 1.143 ns ( 42.67 % )
        Info: - Longest clock path from clock "clk_in" to source register is 2.671 ns
            Info: 1: + IC(0.000 ns) + CELL(0.999 ns) = 0.999 ns; Loc. = PIN_N2; Fanout = 1; CLK Node = 'clk_in'
            Info: 2: + IC(0.118 ns) + CELL(0.000 ns) = 1.117 ns; Loc. = CLKCTRL_G2; Fanout = 27; COMB Node = 'clk_in~clkctrl'
            Info: 3: + IC(1.017 ns) + CELL(0.537 ns) = 2.671 ns; Loc. = LCFF_X63_Y8_N5; Fanout = 3; REG Node = 'compteur[0]'
            Info: Total cell delay = 1.536 ns ( 57.51 % )
            Info: Total interconnect delay = 1.135 ns ( 42.49 % )
    Info: + Micro clock to output delay of source is 0.250 ns
    Info: + Micro setup delay of destination is -0.036 ns
Info: tco from clock "clk_in" to destination pin "clk_out" through register "clk_divided" is 6.727 ns
    Info: + Longest clock path from clock "clk_in" to source register is 2.679 ns
        Info: 1: + IC(0.000 ns) + CELL(0.999 ns) = 0.999 ns; Loc. = PIN_N2; Fanout = 1; CLK Node = 'clk_in'
        Info: 2: + IC(0.118 ns) + CELL(0.000 ns) = 1.117 ns; Loc. = CLKCTRL_G2; Fanout = 27; COMB Node = 'clk_in~clkctrl'
        Info: 3: + IC(1.025 ns) + CELL(0.537 ns) = 2.679 ns; Loc. = LCFF_X64_Y7_N17; Fanout = 2; REG Node = 'clk_divided'
        Info: Total cell delay = 1.536 ns ( 57.33 % )
        Info: Total interconnect delay = 1.143 ns ( 42.67 % )
    Info: + Micro clock to output delay of source is 0.250 ns
    Info: + Longest register to pin delay is 3.798 ns
        Info: 1: + IC(0.000 ns) + CELL(0.000 ns) = 0.000 ns; Loc. = LCFF_X64_Y7_N17; Fanout = 2; REG Node = 'clk_divided'
        Info: 2: + IC(0.980 ns) + CELL(2.818 ns) = 3.798 ns; Loc. = PIN_AE23; Fanout = 0; PIN Node = 'clk_out'
        Info: Total cell delay = 2.818 ns ( 74.20 % )
        Info: Total interconnect delay = 0.980 ns ( 25.80 % )
Info: Quartus II Classic Timing Analyzer was successful. 0 errors, 1 warning
    Info: Peak virtual memory: 173 megabytes
    Info: Processing ended: Fri Sep 08 08:59:52 2023
    Info: Elapsed time: 00:00:00
    Info: Total CPU time (on all processors): 00:00:00


